# JRE version: OpenJDK Runtime Environment Temurin-17.0.1+12 (17.0.1+12) (build 17.0.1+12)
# Java VM: OpenJDK 64-Bit Server VM Temurin-17.0.1+12 (17.0.1+12, mixed mode, sharing, tiered, compressed oops, compressed class ptrs, g1 gc, windows-amd64)
GC Precious Log:
 CPUs: 4 total, 4 available
 Memory: 8083M
 Large Page Support: Disabled
 NUMA Support: Disabled
 Compressed Oops: Enabled (32-bit)
 Heap Region Size: 1M
 Heap Min Capacity: 8M
 Heap Initial Capacity: 128M
 Heap Max Capacity: 2022M
 Pre-touch: Disabled
 Parallel Workers: 4
 Concurrent Workers: 1
 Concurrent Refinement Workers: 4
 Periodic GC: Disabled
Heap:
 garbage-first heap   total 71680K, used 30830K [0x0000000081a00000, 0x0000000100000000)
  region size 1024K, 5 young (5120K), 1 survivors (1024K)
 Metaspace       used 53997K, committed 54464K, reserved 1097728K
  class space    used 7239K, committed 7488K, reserved 1048576K
GC Heap History (20 events):
Event: 9.017 GC heap before
{Heap before GC invocations=7 (full 0):
 garbage-first heap   total 48128K, used 17025K [0x0000000081a00000, 0x0000000100000000)
  region size 1024K, 5 young (5120K), 4 survivors (4096K)
 Metaspace       used 26314K, committed 26624K, reserved 1073152K
  class space    used 3343K, committed 3520K, reserved 1048576K
}
Event: 9.025 GC heap after
{Heap after GC invocations=8 (full 0):
 garbage-first heap   total 48128K, used 16711K [0x0000000081a00000, 0x0000000100000000)
  region size 1024K, 1 young (1024K), 1 survivors (1024K)
 Metaspace       used 26314K, committed 26624K, reserved 1073152K
  class space    used 3343K, committed 3520K, reserved 1048576K
}
Event: 9.036 GC heap before
{Heap before GC invocations=8 (full 0):
 garbage-first heap   total 48128K, used 33095K [0x0000000081a00000, 0x0000000100000000)
  region size 1024K, 18 young (18432K), 1 survivors (1024K)
 Metaspace       used 26320K, committed 26624K, reserved 1073152K
  class space    used 3343K, committed 3520K, reserved 1048576K
}
Event: 9.038 GC heap after
{Heap after GC invocations=9 (full 0):
 garbage-first heap   total 73728K, used 16383K [0x0000000081a00000, 0x0000000100000000)
  region size 1024K, 1 young (1024K), 1 survivors (1024K)
 Metaspace       used 26320K, committed 26624K, reserved 1073152K
  class space    used 3343K, committed 3520K, reserved 1048576K
}
Event: 9.257 GC heap before
{Heap before GC invocations=9 (full 0):
 garbage-first heap   total 73728K, used 54271K [0x0000000081a00000, 0x0000000100000000)
  region size 1024K, 39 young (39936K), 1 survivors (1024K)
 Metaspace       used 26905K, committed 27264K, reserved 1073152K
  class space    used 3396K, committed 3584K, reserved 1048576K
}
Event: 9.260 GC heap after
{Heap after GC invocations=10 (full 0):
 garbage-first heap   total 73728K, used 16609K [0x0000000081a00000, 0x0000000100000000)
  region size 1024K, 1 young (1024K), 1 survivors (1024K)
 Metaspace       used 26905K, committed 27264K, reserved 1073152K
  class space    used 3396K, committed 3584K, reserved 1048576K
}
Event: 9.751 GC heap before
{Heap before GC invocations=10 (full 0):
 garbage-first heap   total 73728K, used 55521K [0x0000000081a00000, 0x0000000100000000)
  region size 1024K, 40 young (40960K), 1 survivors (1024K)
 Metaspace       used 28503K, committed 28800K, reserved 1081344K
  class space    used 3573K, committed 3712K, reserved 1048576K
}
Event: 9.757 GC heap after
{Heap after GC invocations=11 (full 0):
 garbage-first heap   total 73728K, used 17323K [0x0000000081a00000, 0x0000000100000000)
  region size 1024K, 2 young (2048K), 2 survivors (2048K)
 Metaspace       used 28503K, committed 28800K, reserved 1081344K
  class space    used 3573K, committed 3712K, reserved 1048576K
}
Event: 11.462 GC heap before
{Heap before GC invocations=11 (full 0):
 garbage-first heap   total 73728K, used 45995K [0x0000000081a00000, 0x0000000100000000)
  region size 1024K, 31 young (31744K), 2 survivors (2048K)
 Metaspace       used 35653K, committed 35968K, reserved 1081344K
  class space    used 4568K, committed 4736K, reserved 1048576K
}
Event: 11.469 GC heap after
{Heap after GC invocations=12 (full 0):
 garbage-first heap   total 73728K, used 19773K [0x0000000081a00000, 0x0000000100000000)
  region size 1024K, 4 young (4096K), 4 survivors (4096K)
 Metaspace       used 35653K, committed 35968K, reserved 1081344K
  class space    used 4568K, committed 4736K, reserved 1048576K
}
Event: 13.718 GC heap before
{Heap before GC invocations=13 (full 0):
 garbage-first heap   total 71680K, used 58685K [0x0000000081a00000, 0x0000000100000000)
  region size 1024K, 42 young (43008K), 4 survivors (4096K)
 Metaspace       used 45366K, committed 45696K, reserved 1089536K
  class space    used 6101K, committed 6272K, reserved 1048576K
}
Event: 13.727 GC heap after
{Heap after GC invocations=14 (full 0):
 garbage-first heap   total 71680K, used 21768K [0x0000000081a00000, 0x0000000100000000)
  region size 1024K, 5 young (5120K), 5 survivors (5120K)
 Metaspace       used 45366K, committed 45696K, reserved 1089536K
  class space    used 6101K, committed 6272K, reserved 1048576K
}
Event: 15.492 GC heap before
{Heap before GC invocations=14 (full 0):
 garbage-first heap   total 71680K, used 55560K [0x0000000081a00000, 0x0000000100000000)
  region size 1024K, 38 young (38912K), 5 survivors (5120K)
 Metaspace       used 50346K, committed 50752K, reserved 1097728K
  class space    used 6766K, committed 6976K, reserved 1048576K
}
Event: 15.504 GC heap after
{Heap after GC invocations=15 (full 0):
 garbage-first heap   total 71680K, used 24779K [0x0000000081a00000, 0x0000000100000000)
  region size 1024K, 5 young (5120K), 5 survivors (5120K)
 Metaspace       used 50346K, committed 50752K, reserved 1097728K
  class space    used 6766K, committed 6976K, reserved 1048576K
}
Event: 16.305 GC heap before
{Heap before GC invocations=15 (full 0):
 garbage-first heap   total 71680K, used 56523K [0x0000000081a00000, 0x0000000100000000)
  region size 1024K, 36 young (36864K), 5 survivors (5120K)
 Metaspace       used 53108K, committed 53504K, reserved 1097728K
  class space    used 7146K, committed 7360K, reserved 1048576K
}
Event: 16.314 GC heap after
{Heap after GC invocations=16 (full 0):
 garbage-first heap   total 71680K, used 27250K [0x0000000081a00000, 0x0000000100000000)
  region size 1024K, 3 young (3072K), 3 survivors (3072K)
 Metaspace       used 53108K, committed 53504K, reserved 1097728K
  class space    used 7146K, committed 7360K, reserved 1048576K
}
Event: 822.944 GC heap before
{Heap before GC invocations=16 (full 0):
 garbage-first heap   total 71680K, used 55922K [0x0000000081a00000, 0x0000000100000000)
  region size 1024K, 31 young (31744K), 3 survivors (3072K)
 Metaspace       used 53887K, committed 54272K, reserved 1097728K
  class space    used 7226K, committed 7424K, reserved 1048576K
}
Event: 823.203 GC heap after
{Heap after GC invocations=17 (full 0):
 garbage-first heap   total 71680K, used 27439K [0x0000000081a00000, 0x0000000100000000)
  region size 1024K, 1 young (1024K), 1 survivors (1024K)
 Metaspace       used 53887K, committed 54272K, reserved 1097728K
  class space    used 7226K, committed 7424K, reserved 1048576K
}
Event: 1805.580 GC heap before
{Heap before GC invocations=17 (full 0):
 garbage-first heap   total 71680K, used 57135K [0x0000000081a00000, 0x0000000100000000)
  region size 1024K, 30 young (30720K), 1 survivors (1024K)
 Metaspace       used 53994K, committed 54464K, reserved 1097728K
  class space    used 7239K, committed 7488K, reserved 1048576K
}
Event: 1805.687 GC heap after
{Heap after GC invocations=18 (full 0):
 garbage-first heap   total 71680K, used 27758K [0x0000000081a00000, 0x0000000100000000)
  region size 1024K, 1 young (1024K), 1 survivors (1024K)
 Metaspace       used 53994K, committed 54464K, reserved 1097728K
  class space    used 7239K, committed 7488K, reserved 1048576K
}

